{"/home/velertra/Desktop/repo_new/twoweek/src/api-functions.js": {"path":"/home/velertra/Desktop/repo_new/twoweek/src/api-functions.js","statementMap":{"0":{"start":{"line":2,"column":19},"end":{"line":9,"column":3}},"1":{"start":{"line":10,"column":22},"end":{"line":10,"column":43}},"2":{"start":{"line":11,"column":2},"end":{"line":11,"column":21}},"3":{"start":{"line":14,"column":0},"end":{"line":14,"column":36}}},"fnMap":{"0":{"name":"getPlayerStats","decl":{"start":{"line":1,"column":15},"end":{"line":1,"column":29}},"loc":{"start":{"line":1,"column":44},"end":{"line":12,"column":1}},"line":1}},"branchMap":{},"s":{"0":1,"1":1,"2":1,"3":1},"f":{"0":1},"b":{},"_coverageSchema":"1a1c01bbd47fc00a2c39e90264f33305004495a9","hash":"3614c7b0bdbe59e2f5a741ca128cf9c98ca518f6"}
}
